<?xml version="1.0" encoding="UTF-8"?>
<!-- Generated by org.testng.reporters.JUnitXMLReporter -->
<testsuite ignored="0" hostname="INHYLP0031" failures="1" tests="1" name="Default test" time="18.305" errors="0" timestamp="2024-05-28T19:14:59 IST">
  <testcase classname="io.cucumber.testng.AbstractTestNGCucumberTests" name="runScenario" time="17.298">
    <failure type="io.cucumber.java.PendingException" message="TODO: implement me">
      <![CDATA[io.cucumber.java.PendingException: TODO: implement me
at stepDefinations.nopLoginstep.new_customer_will_be_saved(nopLoginstep.java:155)
at ✽.New Customer will be Saved "The new customer has been added successfully."(file:///C:/Users/saigaurav/eclipse-workspace/BDD2024A/./Features/loginNopcommerce.feature:23)
]]>
    </failure>
  </testcase> <!-- runScenario -->
</testsuite> <!-- Default test -->
