<?xml version="1.0" encoding="UTF-8"?>
<testng-results ignored="0" total="1" passed="1" failed="0" skipped="0">
  <reporter-output>
  </reporter-output>
  <suite started-at="2024-06-03T14:47:31 IST" name="Default suite" finished-at="2024-06-03T14:47:37 IST" duration-ms="6430">
    <groups>
      <group name="cucumber">
        <method signature="AbstractTestNGCucumberTests.runScenario(io.cucumber.testng.PickleWrapper,io.cucumber.testng.FeatureWrapper)[pri:0, instance:Runner.SteprunnerLogin@79e4c792]" name="runScenario" class="io.cucumber.testng.AbstractTestNGCucumberTests"/>
      </group> <!-- cucumber -->
    </groups>
    <test started-at="2024-06-03T14:47:31 IST" name="Default test" finished-at="2024-06-03T14:47:37 IST" duration-ms="6430">
      <class name="Runner.SteprunnerLogin">
        <test-method is-config="true" signature="setUpClass(org.testng.ITestContext)[pri:0, instance:Runner.SteprunnerLogin@79e4c792]" started-at="2024-06-03T14:47:31 IST" name="setUpClass" finished-at="2024-06-03T14:47:32 IST" duration-ms="911" status="PASS">
          <params>
            <param index="0">
              <value>
                <![CDATA[org.testng.TestRunner@396ef8b2]]>
              </value>
            </param>
          </params>
          <reporter-output>
          </reporter-output>
        </test-method> <!-- setUpClass -->
        <test-method signature="runScenario(io.cucumber.testng.PickleWrapper,io.cucumber.testng.FeatureWrapper)[pri:0, instance:Runner.SteprunnerLogin@79e4c792]" started-at="2024-06-03T14:47:32 IST" name="runScenario" description="Runs Cucumber Scenarios" data-provider="scenarios" finished-at="2024-06-03T14:47:37 IST" duration-ms="5406" status="PASS">
          <params>
            <param index="0">
              <value>
                <![CDATA["Login with data table cred"]]>
              </value>
            </param>
            <param index="1">
              <value>
                <![CDATA["Login to Suace lab with multiple credentials"]]>
              </value>
            </param>
          </params>
          <reporter-output>
          </reporter-output>
        </test-method> <!-- runScenario -->
        <test-method is-config="true" signature="tearDownClass()[pri:0, instance:Runner.SteprunnerLogin@79e4c792]" started-at="2024-06-03T14:47:37 IST" name="tearDownClass" finished-at="2024-06-03T14:47:37 IST" duration-ms="39" status="PASS">
          <reporter-output>
          </reporter-output>
        </test-method> <!-- tearDownClass -->
      </class> <!-- Runner.SteprunnerLogin -->
    </test> <!-- Default test -->
  </suite> <!-- Default suite -->
</testng-results>
