<?xml version="1.0" encoding="UTF-8"?>
<!-- Generated by org.testng.reporters.JUnitReportReporter -->
<testsuite hostname="INHYLP0031" failures="0" tests="1" name="Runner.SteprunnerLogin" time="17.298" errors="1" timestamp="2024-05-28T19:15:00 IST" skipped="0">
  <testcase classname="Runner.SteprunnerLogin" name="runScenario" time="17.298">
    <error message="TODO: implement me" type="io.cucumber.java.PendingException">
      <![CDATA[io.cucumber.java.PendingException: TODO: implement me
at stepDefinations.nopLoginstep.new_customer_will_be_saved(nopLoginstep.java:155)
at ✽.New Customer will be Saved "The new customer has been added successfully."(file:///C:/Users/saigaurav/eclipse-workspace/BDD2024A/./Features/loginNopcommerce.feature:23)
]]>
    </error>
  </testcase> <!-- runScenario -->
  <system-out/>
</testsuite> <!-- Runner.SteprunnerLogin -->
